# JRE version: Java(TM) SE Runtime Environment (8.0_181-b13) (build 1.8.0_181-b13)
# Java VM: Java HotSpot(TM) 64-Bit Server VM (25.181-b13 mixed mode windows-amd64 compressed oops)
Heap:
 PSYoungGen      total 67584K, used 50436K [0x00000000d5580000, 0x00000000d9d80000, 0x0000000100000000)
  eden space 62976K, 73% used [0x00000000d5580000,0x00000000d82c2478,0x00000000d9300000)
  from space 4608K, 88% used [0x00000000d9800000,0x00000000d9bfef20,0x00000000d9c80000)
  to   space 5120K, 0% used [0x00000000d9300000,0x00000000d9300000,0x00000000d9800000)
 ParOldGen       total 42496K, used 4549K [0x0000000080000000, 0x0000000082980000, 0x00000000d5580000)
  object space 42496K, 10% used [0x0000000080000000,0x0000000080471428,0x0000000082980000)
 Metaspace       used 15692K, capacity 15920K, committed 16128K, reserved 1062912K
  class space    used 1675K, capacity 1780K, committed 1792K, reserved 1048576K
GC Heap History (10 events):
Event: 1.049 GC heap before
{Heap before GC invocations=2 (full 0):
 PSYoungGen      total 18432K, used 18428K [0x00000000d5580000, 0x00000000d6a00000, 0x0000000100000000)
  eden space 15872K, 100% used [0x00000000d5580000,0x00000000d6500000,0x00000000d6500000)
  from space 2560K, 99% used [0x00000000d6500000,0x00000000d677f218,0x00000000d6780000)
  to   space 2560K, 0% used [0x00000000d6780000,0x00000000d6780000,0x00000000d6a00000)
 ParOldGen       total 42496K, used 764K [0x0000000080000000, 0x0000000082980000, 0x00000000d5580000)
  object space 42496K, 1% used [0x0000000080000000,0x00000000800bf208,0x0000000082980000)
 Metaspace       used 4469K, capacity 5278K, committed 5504K, reserved 1056768K
  class space    used 489K, capacity 534K, committed 640K, reserved 1048576K
Event: 1.054 GC heap after
Heap after GC invocations=2 (full 0):
 PSYoungGen      total 18432K, used 2537K [0x00000000d5580000, 0x00000000d7980000, 0x0000000100000000)
  eden space 15872K, 0% used [0x00000000d5580000,0x00000000d5580000,0x00000000d6500000)
  from space 2560K, 99% used [0x00000000d6780000,0x00000000d69fa4e0,0x00000000d6a00000)
  to   space 2560K, 0% used [0x00000000d6500000,0x00000000d6500000,0x00000000d6780000)
 ParOldGen       total 42496K, used 945K [0x0000000080000000, 0x0000000082980000, 0x00000000d5580000)
  object space 42496K, 2% used [0x0000000080000000,0x00000000800ec668,0x0000000082980000)
 Metaspace       used 4469K, capacity 5278K, committed 5504K, reserved 1056768K
  class space    used 489K, capacity 534K, committed 640K, reserved 1048576K
}
Event: 1.404 GC heap before
{Heap before GC invocations=3 (full 0):
 PSYoungGen      total 18432K, used 18409K [0x00000000d5580000, 0x00000000d7980000, 0x0000000100000000)
  eden space 15872K, 100% used [0x00000000d5580000,0x00000000d6500000,0x00000000d6500000)
  from space 2560K, 99% used [0x00000000d6780000,0x00000000d69fa4e0,0x00000000d6a00000)
  to   space 2560K, 0% used [0x00000000d6500000,0x00000000d6500000,0x00000000d6780000)
 ParOldGen       total 42496K, used 945K [0x0000000080000000, 0x0000000082980000, 0x00000000d5580000)
  object space 42496K, 2% used [0x0000000080000000,0x00000000800ec668,0x0000000082980000)
 Metaspace       used 6559K, capacity 6688K, committed 6912K, reserved 1056768K
  class space    used 683K, capacity 728K, committed 768K, reserved 1048576K
Event: 1.408 GC heap after
Heap after GC invocations=3 (full 0):
 PSYoungGen      total 18432K, used 2553K [0x00000000d5580000, 0x00000000d7980000, 0x0000000100000000)
  eden space 15872K, 0% used [0x00000000d5580000,0x00000000d5580000,0x00000000d6500000)
  from space 2560K, 99% used [0x00000000d6500000,0x00000000d677e4f0,0x00000000d6780000)
  to   space 2560K, 0% used [0x00000000d7700000,0x00000000d7700000,0x00000000d7980000)
 ParOldGen       total 42496K, used 1794K [0x0000000080000000, 0x0000000082980000, 0x00000000d5580000)
  object space 42496K, 4% used [0x0000000080000000,0x00000000801c0a80,0x0000000082980000)
 Metaspace       used 6559K, capacity 6688K, committed 6912K, reserved 1056768K
  class space    used 683K, capacity 728K, committed 768K, reserved 1048576K
}
Event: 1.681 GC heap before
{Heap before GC invocations=4 (full 0):
 PSYoungGen      total 18432K, used 18425K [0x00000000d5580000, 0x00000000d7980000, 0x0000000100000000)
  eden space 15872K, 100% used [0x00000000d5580000,0x00000000d6500000,0x00000000d6500000)
  from space 2560K, 99% used [0x00000000d6500000,0x00000000d677e4f0,0x00000000d6780000)
  to   space 2560K, 0% used [0x00000000d7700000,0x00000000d7700000,0x00000000d7980000)
 ParOldGen       total 42496K, used 1794K [0x0000000080000000, 0x0000000082980000, 0x00000000d5580000)
  object space 42496K, 4% used [0x0000000080000000,0x00000000801c0a80,0x0000000082980000)
 Metaspace       used 8292K, capacity 8448K, committed 8704K, reserved 1056768K
  class space    used 934K, capacity 1016K, committed 1024K, reserved 1048576K
Event: 1.687 GC heap after
Heap after GC invocations=4 (full 0):
 PSYoungGen      total 34304K, used 2537K [0x00000000d5580000, 0x00000000d7980000, 0x0000000100000000)
  eden space 31744K, 0% used [0x00000000d5580000,0x00000000d5580000,0x00000000d7480000)
  from space 2560K, 99% used [0x00000000d7700000,0x00000000d797a4e0,0x00000000d7980000)
  to   space 2560K, 0% used [0x00000000d7480000,0x00000000d7480000,0x00000000d7700000)
 ParOldGen       total 42496K, used 3051K [0x0000000080000000, 0x0000000082980000, 0x00000000d5580000)
  object space 42496K, 7% used [0x0000000080000000,0x00000000802fafd8,0x0000000082980000)
 Metaspace       used 8292K, capacity 8448K, committed 8704K, reserved 1056768K
  class space    used 934K, capacity 1016K, committed 1024K, reserved 1048576K
}
Event: 2.068 GC heap before
{Heap before GC invocations=5 (full 0):
 PSYoungGen      total 34304K, used 34281K [0x00000000d5580000, 0x00000000d7980000, 0x0000000100000000)
  eden space 31744K, 100% used [0x00000000d5580000,0x00000000d7480000,0x00000000d7480000)
  from space 2560K, 99% used [0x00000000d7700000,0x00000000d797a4e0,0x00000000d7980000)
  to   space 2560K, 0% used [0x00000000d7480000,0x00000000d7480000,0x00000000d7700000)
 ParOldGen       total 42496K, used 3051K [0x0000000080000000, 0x0000000082980000, 0x00000000d5580000)
  object space 42496K, 7% used [0x0000000080000000,0x00000000802fafd8,0x0000000082980000)
 Metaspace       used 10131K, capacity 10246K, committed 10496K, reserved 1058816K
  class space    used 1146K, capacity 1209K, committed 1280K, reserved 1048576K
Event: 2.073 GC heap after
Heap after GC invocations=5 (full 0):
 PSYoungGen      total 34304K, used 2550K [0x00000000d5580000, 0x00000000d9c80000, 0x0000000100000000)
  eden space 31744K, 0% used [0x00000000d5580000,0x00000000d5580000,0x00000000d7480000)
  from space 2560K, 99% used [0x00000000d7480000,0x00000000d76fd8b0,0x00000000d7700000)
  to   space 4608K, 0% used [0x00000000d9800000,0x00000000d9800000,0x00000000d9c80000)
 ParOldGen       total 42496K, used 4549K [0x0000000080000000, 0x0000000082980000, 0x00000000d5580000)
  object space 42496K, 10% used [0x0000000080000000,0x0000000080471428,0x0000000082980000)
 Metaspace       used 10131K, capacity 10246K, committed 10496K, reserved 1058816K
  class space    used 1146K, capacity 1209K, committed 1280K, reserved 1048576K
}
Event: 2.399 GC heap before
{Heap before GC invocations=6 (full 0):
 PSYoungGen      total 34304K, used 34294K [0x00000000d5580000, 0x00000000d9c80000, 0x0000000100000000)
  eden space 31744K, 100% used [0x00000000d5580000,0x00000000d7480000,0x00000000d7480000)
  from space 2560K, 99% used [0x00000000d7480000,0x00000000d76fd8b0,0x00000000d7700000)
  to   space 4608K, 0% used [0x00000000d9800000,0x00000000d9800000,0x00000000d9c80000)
 ParOldGen       total 42496K, used 4549K [0x0000000080000000, 0x0000000082980000, 0x00000000d5580000)
  object space 42496K, 10% used [0x0000000080000000,0x0000000080471428,0x0000000082980000)
 Metaspace       used 11427K, capacity 11570K, committed 11904K, reserved 1060864K
  class space    used 1262K, capacity 1308K, committed 1408K, reserved 1048576K
Event: 2.407 GC heap after
Heap after GC invocations=6 (full 0):
 PSYoungGen      total 67584K, used 4091K [0x00000000d5580000, 0x00000000d9d80000, 0x0000000100000000)
  eden space 62976K, 0% used [0x00000000d5580000,0x00000000d5580000,0x00000000d9300000)
  from space 4608K, 88% used [0x00000000d9800000,0x00000000d9bfef20,0x00000000d9c80000)
  to   space 5120K, 0% used [0x00000000d9300000,0x00000000d9300000,0x00000000d9800000)
 ParOldGen       total 42496K, used 4549K [0x0000000080000000, 0x0000000082980000, 0x00000000d5580000)
  object space 42496K, 10% used [0x0000000080000000,0x0000000080471428,0x0000000082980000)
 Metaspace       used 11427K, capacity 11570K, committed 11904K, reserved 1060864K
  class space    used 1262K, capacity 1308K, committed 1408K, reserved 1048576K
}

